0 info it worked if it ends with ok
1 verbose cli [ 'D:\\Program Files\\nodejs\\node.exe',
1 verbose cli   'D:\\Program Files\\nodejs\\node_modules\\npm\\bin\\npm-cli.js',
1 verbose cli   'run',
1 verbose cli   'parse' ]
2 info using npm@3.3.12
3 info using node@v5.1.0
4 verbose stack Error: missing script: parse
4 verbose stack     at run (D:\Program Files\nodejs\node_modules\npm\lib\run-script.js:147:19)
4 verbose stack     at D:\Program Files\nodejs\node_modules\npm\lib\run-script.js:57:5
4 verbose stack     at D:\Program Files\nodejs\node_modules\npm\node_modules\read-package-json\read-json.js:345:5
4 verbose stack     at checkBinReferences_ (D:\Program Files\nodejs\node_modules\npm\node_modules\read-package-json\read-json.js:309:45)
4 verbose stack     at final (D:\Program Files\nodejs\node_modules\npm\node_modules\read-package-json\read-json.js:343:3)
4 verbose stack     at then (D:\Program Files\nodejs\node_modules\npm\node_modules\read-package-json\read-json.js:113:5)
4 verbose stack     at ReadFileContext.<anonymous> (D:\Program Files\nodejs\node_modules\npm\node_modules\read-package-json\read-json.js:297:29)
4 verbose stack     at ReadFileContext.callback (D:\Program Files\nodejs\node_modules\npm\node_modules\graceful-fs\graceful-fs.js:76:16)
4 verbose stack     at FSReqWrap.readFileAfterOpen [as oncomplete] (fs.js:324:13)
5 verbose cwd C:\Users\MitchAndOlya\mean-myapp-git
6 error Windows_NT 6.1.7601
7 error argv "D:\\Program Files\\nodejs\\node.exe" "D:\\Program Files\\nodejs\\node_modules\\npm\\bin\\npm-cli.js" "run" "parse"
8 error node v5.1.0
9 error npm  v3.3.12
10 error missing script: parse
11 error If you need help, you may report this error at:
11 error     <https://github.com/npm/npm/issues>
12 verbose exit [ 1, true ]
